Node: cml12.umiacs.umd.edu
Sat Nov  1 10:41:20 2025       
+-----------------------------------------------------------------------------------------+
| NVIDIA-SMI 580.95.05              Driver Version: 580.95.05      CUDA Version: 13.0     |
+-----------------------------------------+------------------------+----------------------+
| GPU  Name                 Persistence-M | Bus-Id          Disp.A | Volatile Uncorr. ECC |
| Fan  Temp   Perf          Pwr:Usage/Cap |           Memory-Usage | GPU-Util  Compute M. |
|                                         |                        |               MIG M. |
|=========================================+========================+======================|
|   0  NVIDIA GeForce RTX 2080 Ti     Off |   00000000:1B:00.0 Off |                  N/A |
| 32%   24C    P8              3W /  250W |       1MiB /  11264MiB |      0%      Default |
|                                         |                        |                  N/A |
+-----------------------------------------+------------------------+----------------------+

+-----------------------------------------------------------------------------------------+
| Processes:                                                                              |
|  GPU   GI   CI              PID   Type   Process name                        GPU Memory |
|        ID   ID                                                               Usage      |
|=========================================================================================|
|  No running processes found                                                             |
+-----------------------------------------------------------------------------------------+
Start running Salesforce/blip2-opt-6.7b from sample 86 to 109
Outputs -> /fs/nexus-scratch/byan1/MMDU-main/output/Salesforce_blip2-opt-6.7b_sample{ID}.csv

>>> [run] sample 86 ...
Local images root: /fs/nexus-scratch/byan1/MMDU-main/_mmdu_pics/mmdu_pics
[dataset] using samples [86, 87) -> total 1
Using device_map=auto, dtype=torch.bfloat16
[ctx] max_pos=2048  max_new=128  budget=1912

============================================================
Sample 86 (local idx 0) | #images=3  #turns=34
[write] output/blip2-opt-6.7b_sample86.csv

[Turn 1] | images=3 -> panel
Prompt (head): You are given 3 images as one panel. When I say ImageK, I mean the K-th tile in row-major order (left→right, top→bottom)
[tokens] prompt=70  budget=1912
[safe_generate] keys=attention_mask, input_ids, pixel_values
[safe_generate]   input_ids: shape=(1, 103) device=cuda:0 dtype=torch.int64
[safe_generate]   attention_mask: shape=(1, 103) device=cuda:0 dtype=torch.int64
[safe_generate]   pixel_values: shape=(1, 3, 224, 224) device=cuda:0 dtype=torch.bfloat16
[safe_generate] forward has image_num_patches? False
[safe_generate] try #1: clean generate()
